<?xml version="1.0" encoding="UTF-8"?>
<!-- Generated by org.testng.reporters.JUnitReportReporter -->
<testsuite hostname="idea-PC" failures="0" tests="4" name="com.mercury.qa.Testcases.LoginPageTest" time="35.729" errors="0" timestamp="10 Feb 2019 16:15:27 GMT" skipped="0">
  <testcase classname="com.mercury.qa.Testcases.LoginPageTest" name="loginTest" time="8.950"/>
  <testcase classname="com.mercury.qa.Testcases.LoginPageTest" name="loginTest" time="12.114"/>
  <testcase classname="com.mercury.qa.Testcases.LoginPageTest" name="loginpagetitleTest" time="6.470"/>
  <testcase classname="com.mercury.qa.Testcases.LoginPageTest" name="MercuryLogotitleTest" time="8.195"/>
</testsuite> <!-- com.mercury.qa.Testcases.LoginPageTest -->
